2025-09-19 02:31:46 Loading main app package /usr/lib/obsidian/obsidian.asar
2025-09-19 02:31:46 Checking for update using Github
2025-09-19 02:31:47 Success.
2025-09-19 02:31:47 Latest version is 1.9.12
2025-09-19 02:31:47 App is up to date.
2025-09-19 04:24:47 Loading main app package /usr/lib/obsidian/obsidian.asar
2025-09-19 04:24:47 Checking for update using Github
2025-09-19 04:24:47 Success.
2025-09-19 04:24:47 Latest version is 1.9.12
2025-09-19 04:24:47 App is up to date.
2025-09-19 04:25:50 Loading main app package /usr/lib/obsidian/obsidian.asar
2025-09-19 04:25:50 Checking for update using Github
2025-09-19 04:25:50 Success.
2025-09-19 04:25:50 Latest version is 1.9.12
2025-09-19 04:25:50 App is up to date.
2025-09-19 04:53:40 Loading main app package /usr/lib/obsidian/obsidian.asar
2025-09-19 04:53:40 Checking for update using Github
2025-09-19 04:53:40 Success.
2025-09-19 04:53:40 Latest version is 1.9.12
2025-09-19 04:53:40 App is up to date.
2025-09-19 05:07:14 Loading main app package /usr/lib/obsidian/obsidian.asar
2025-09-19 05:07:14 Checking for update using Github
2025-09-19 05:07:14 Success.
2025-09-19 05:07:14 Latest version is 1.9.12
2025-09-19 05:07:14 App is up to date.
2025-09-19 05:36:19 Loading main app package /usr/lib/obsidian/obsidian.asar
2025-09-19 05:36:19 Checking for update using Github
2025-09-19 05:36:20 Success.
2025-09-19 05:36:20 Latest version is 1.9.12
2025-09-19 05:36:20 App is up to date.
2025-09-19 05:39:08 Loading main app package /usr/lib/obsidian/obsidian.asar
2025-09-19 05:39:08 Checking for update using Github
2025-09-19 05:39:08 Success.
2025-09-19 05:39:08 Latest version is 1.9.12
2025-09-19 05:39:08 App is up to date.
2025-09-19 05:41:31 Loading main app package /usr/lib/obsidian/obsidian.asar
2025-09-19 05:41:31 Checking for update using Github
2025-09-19 05:41:32 Success.
2025-09-19 05:41:32 Latest version is 1.9.12
2025-09-19 05:41:32 App is up to date.
2025-09-19 05:42:03 Loading main app package /usr/lib/obsidian/obsidian.asar
2025-09-19 05:42:03 Checking for update using Github
2025-09-19 05:42:03 Success.
2025-09-19 05:42:03 Latest version is 1.9.12
2025-09-19 05:42:03 App is up to date.
2025-09-19 05:42:32 Loading main app package /usr/lib/obsidian/obsidian.asar
2025-09-19 05:42:32 Checking for update using Github
2025-09-19 05:42:32 Success.
2025-09-19 05:42:32 Latest version is 1.9.12
2025-09-19 05:42:32 App is up to date.
2025-09-19 05:48:09 Loading main app package /usr/lib/obsidian/obsidian.asar
2025-09-19 05:48:09 Checking for update using Github
2025-09-19 05:48:10 Success.
2025-09-19 05:48:10 Latest version is 1.9.12
2025-09-19 05:48:10 App is up to date.
2025-09-19 08:44:54 Loading main app package /usr/lib/obsidian/obsidian.asar
2025-09-19 08:44:54 Checking for update using Github
2025-09-19 08:44:55 Success.
2025-09-19 08:44:55 Latest version is 1.9.12
2025-09-19 08:44:55 App is up to date.
2025-09-19 09:35:27 Loading main app package /usr/lib/obsidian/obsidian.asar
2025-09-19 09:35:27 Checking for update using Github
2025-09-19 09:35:28 Success.
2025-09-19 09:35:28 Latest version is 1.9.12
2025-09-19 09:35:28 App is up to date.
2025-09-19 10:35:27 Checking for update using Github
2025-09-19 10:35:27 Success.
2025-09-19 10:35:27 Latest version is 1.9.12
2025-09-19 10:35:27 App is up to date.
2025-09-19 11:40:39 Loading main app package /usr/lib/obsidian/obsidian.asar
2025-09-19 11:40:39 Checking for update using Github
2025-09-19 11:40:40 Success.
2025-09-19 11:40:40 Latest version is 1.9.12
2025-09-19 11:40:40 App is up to date.
2025-09-19 17:02:38 Loading main app package /usr/lib/obsidian/obsidian.asar
2025-09-19 17:02:38 Checking for update using Github
2025-09-19 17:02:39 Success.
2025-09-19 17:02:39 Latest version is 1.9.12
2025-09-19 17:02:39 App is up to date.
2025-09-19 18:02:39 Checking for update using Github
2025-09-19 18:02:39 Success.
2025-09-19 18:02:39 Latest version is 1.9.12
2025-09-19 18:02:39 App is up to date.
2025-09-20 08:36:59 Loading main app package /usr/lib/obsidian/obsidian.asar
2025-09-20 08:36:59 Checking for update using Github
2025-09-20 08:37:00 Success.
2025-09-20 08:37:00 Latest version is 1.9.12
2025-09-20 08:37:00 App is up to date.
2025-09-20 09:36:59 Checking for update using Github
2025-09-20 09:36:59 Success.
2025-09-20 09:36:59 Latest version is 1.9.12
2025-09-20 09:36:59 App is up to date.
2025-09-20 10:36:59 Checking for update using Github
2025-09-20 10:37:05 Success.
2025-09-20 10:37:05 Latest version is 1.9.12
2025-09-20 10:37:05 App is up to date.
2025-09-20 11:36:59 Checking for update using Github
2025-09-20 11:36:59 Success.
2025-09-20 11:36:59 Latest version is 1.9.12
2025-09-20 11:36:59 App is up to date.
2025-09-20 14:58:09 Loading main app package /usr/lib/obsidian/obsidian.asar
2025-09-20 14:58:09 Checking for update using Github
2025-09-20 14:58:10 Success.
2025-09-20 14:58:10 Latest version is 1.9.12
2025-09-20 14:58:10 App is up to date.
2025-09-20 15:58:09 Checking for update using Github
2025-09-20 15:58:09 Success.
2025-09-20 15:58:09 Latest version is 1.9.12
2025-09-20 15:58:09 App is up to date.
2025-09-20 16:58:09 Checking for update using Github
2025-09-20 16:58:09 Success.
2025-09-20 16:58:09 Latest version is 1.9.12
2025-09-20 16:58:09 App is up to date.
2025-09-20 18:01:55 Checking for update using Github
2025-09-20 18:01:55 Success.
2025-09-20 18:01:55 Latest version is 1.9.12
2025-09-20 18:01:55 App is up to date.
2025-09-21 01:00:50 Loading main app package /usr/lib/obsidian/obsidian.asar
2025-09-21 01:00:51 Checking for update using Github
2025-09-21 01:00:51 Success.
2025-09-21 01:00:51 Latest version is 1.9.12
2025-09-21 01:00:51 App is up to date.
2025-09-21 02:00:50 Checking for update using Github
2025-09-21 02:00:51 Success.
2025-09-21 02:00:51 Latest version is 1.9.12
2025-09-21 02:00:51 App is up to date.
2025-09-21 19:20:10 Loading main app package /usr/lib/obsidian/obsidian.asar
2025-09-21 19:20:10 Checking for update using Github
2025-09-21 19:20:10 Failed to check for update using Github (net::ERR_NAME_NOT_RESOLVED)
2025-09-21 19:20:10 Checking for update using obsidian.md
2025-09-21 19:20:10 Failed to check for update using obsidian.md (net::ERR_NAME_NOT_RESOLVED)
2025-09-22 22:01:50 Loading main app package /usr/lib/obsidian/obsidian.asar
2025-09-22 22:01:50 Checking for update using Github
2025-09-22 22:01:52 Success.
2025-09-22 22:01:52 Latest version is 1.9.12
2025-09-22 22:01:52 App is up to date.
2025-09-22 23:01:50 Checking for update using Github
2025-09-22 23:01:50 Success.
2025-09-22 23:01:50 Latest version is 1.9.12
2025-09-22 23:01:50 App is up to date.
2025-09-23 19:21:31 Loading main app package /usr/lib/obsidian/obsidian.asar
2025-09-23 19:21:31 Checking for update using Github
2025-09-23 19:21:32 Success.
2025-09-23 19:21:32 Latest version is 1.9.12
2025-09-23 19:21:32 App is up to date.
2025-09-23 20:21:31 Checking for update using Github
2025-09-23 20:21:32 Success.
2025-09-23 20:21:32 Latest version is 1.9.12
2025-09-23 20:21:32 App is up to date.
2025-09-24 18:10:25 Loading main app package /usr/lib/obsidian/obsidian.asar
2025-09-24 18:10:25 Checking for update using Github
2025-09-24 18:10:25 Success.
2025-09-24 18:10:25 Latest version is 1.9.12
2025-09-24 18:10:25 App is up to date.
2025-09-24 19:10:25 Checking for update using Github
2025-09-24 19:10:26 Success.
2025-09-24 19:10:26 Latest version is 1.9.12
2025-09-24 19:10:26 App is up to date.
2025-09-24 20:08:53 Loading main app package /usr/lib/obsidian/obsidian.asar
2025-09-24 20:08:53 Checking for update using Github
2025-09-24 20:08:53 Failed to check for update using Github (net::ERR_NAME_NOT_RESOLVED)
2025-09-24 20:08:53 Checking for update using obsidian.md
2025-09-24 20:08:53 Failed to check for update using obsidian.md (net::ERR_NAME_NOT_RESOLVED)
2025-09-24 20:30:55 Loading main app package /usr/lib/obsidian/obsidian.asar
2025-09-24 20:30:56 Checking for update using Github
2025-09-24 20:31:02 Loading main app package /usr/lib/obsidian/obsidian.asar
2025-09-24 20:31:03 Checking for update using Github
2025-09-24 20:31:03 Failed to check for update using Github (net::ERR_NAME_NOT_RESOLVED)
2025-09-24 20:31:03 Checking for update using obsidian.md
2025-09-24 20:31:03 Failed to check for update using obsidian.md (net::ERR_NAME_NOT_RESOLVED)
