2025-09-19 02:31:46 Loading main app package /usr/lib/obsidian/obsidian.asar
2025-09-19 02:31:46 Checking for update using Github
2025-09-19 02:31:47 Success.
2025-09-19 02:31:47 Latest version is 1.9.12
2025-09-19 02:31:47 App is up to date.
2025-09-19 04:24:47 Loading main app package /usr/lib/obsidian/obsidian.asar
2025-09-19 04:24:47 Checking for update using Github
2025-09-19 04:24:47 Success.
2025-09-19 04:24:47 Latest version is 1.9.12
2025-09-19 04:24:47 App is up to date.
2025-09-19 04:25:50 Loading main app package /usr/lib/obsidian/obsidian.asar
2025-09-19 04:25:50 Checking for update using Github
2025-09-19 04:25:50 Success.
2025-09-19 04:25:50 Latest version is 1.9.12
2025-09-19 04:25:50 App is up to date.
2025-09-19 04:53:40 Loading main app package /usr/lib/obsidian/obsidian.asar
2025-09-19 04:53:40 Checking for update using Github
2025-09-19 04:53:40 Success.
2025-09-19 04:53:40 Latest version is 1.9.12
2025-09-19 04:53:40 App is up to date.
2025-09-19 05:07:14 Loading main app package /usr/lib/obsidian/obsidian.asar
2025-09-19 05:07:14 Checking for update using Github
2025-09-19 05:07:14 Success.
2025-09-19 05:07:14 Latest version is 1.9.12
2025-09-19 05:07:14 App is up to date.
